2023-05-18T14:18:49+00:00 CRITICAL Uncaught Error: Undefined constant "QSM_THEME_COMPANION_JS_URL" in C:\Users\estagiariodf\Downloads\wordpress-6.2\questionario\wp-content\themes\qsm-theme-companion-master\functions.php:25
Stack trace:
#0 C:\Users\estagiariodf\Downloads\wordpress-6.2\questionario\wp-includes\class-wp-hook.php(308): qsm_theme_quiz_companion_style(Object(stdClass))
#1 C:\Users\estagiariodf\Downloads\wordpress-6.2\questionario\wp-includes\class-wp-hook.php(332): WP_Hook->apply_filters('', Array)
#2 C:\Users\estagiariodf\Downloads\wordpress-6.2\questionario\wp-includes\plugin.php(517): WP_Hook->do_action(Array)
#3 C:\Users\estagiariodf\Downloads\wordpress-6.2\questionario\wp-content\plugins\quiz-master-next\php\classes\class-qmn-quiz-manager.php(448): do_action('qsm_enqueue_scr...', Object(stdClass))
#4 C:\Users\estagiariodf\Downloads\wordpress-6.2\questionario\wp-includes\shortcodes.php(355): QMNQuizManager->display_shortcode(Array, '', 'qsm')
#5 [internal function]: do_shortcode_tag(Array)
#6 C:\Users\estagiariodf\Downloads\wordpress-6.2\questionario\wp-includes\shortcodes.php(227): preg_replace_callback('/\\[(\\[?)(qsm)(?...', 'do_shortcode_ta...', '[qsm quiz=2]')
#7 C:\Users\estagiariodf\Downloads\wordpress-6.2\questionario\wp-content\plugins\elementor\includes\widgets\shortcode.php(130): do_shortcode('[qsm quiz=2]')
#8 C:\Users\estagiariodf\Downloads\wordpress-6.2\questionario\wp-content\plugins\elementor\includes\base\controls-stack.php(2268): Elementor\Widget_Shortcode->render()
#9 C:\Users\estagiariodf\Downloads\wordpress-6.2\questionario\wp-content\plugins\elementor\includes\base\widget-base.php(609): Elementor\Controls_Stack->render_by_mode()
#10 C:\Users\estagiariodf\Downloads\wordpress-6.2\questionario\wp-content\plugins\elementor\includes\base\widget-base.php(750): Elementor\Widget_Base->render_content()
#11 C:\Users\estagiariodf\Downloads\wordpress-6.2\questionario\wp-content\plugins\elementor\includes\base\element-base.php(449): Elementor\Widget_Base->print_content()
#12 C:\Users\estagiariodf\Downloads\wordpress-6.2\questionario\wp-content\plugins\elementor\includes\base\element-base.php(1354): Elementor\Element_Base->print_element()
#13 C:\Users\estagiariodf\Downloads\wordpress-6.2\questionario\wp-content\plugins\elementor\includes\base\element-base.php(449): Elementor\Element_Base->print_content()
#14 C:\Users\estagiariodf\Downloads\wordpress-6.2\questionario\wp-content\plugins\elementor\includes\base\element-base.php(1354): Elementor\Element_Base->print_element()
#15 C:\Users\estagiariodf\Downloads\wordpress-6.2\questionario\wp-content\plugins\elementor\includes\base\element-base.php(449): Elementor\Element_Base->print_content()
#16 C:\Users\estagiariodf\Downloads\wordpress-6.2\questionario\wp-content\plugins\elementor\core\base\document.php(1680): Elementor\Element_Base->print_element()
#17 C:\Users\estagiariodf\Downloads\wordpress-6.2\questionario\wp-content\plugins\elementor\core\base\document.php(1106): Elementor\Core\Base\Document->print_elements(Array)
#18 C:\Users\estagiariodf\Downloads\wordpress-6.2\questionario\wp-content\plugins\elementor\includes\frontend.php(1179): Elementor\Core\Base\Document->print_elements_with_wrapper(Array)
#19 C:\Users\estagiariodf\Downloads\wordpress-6.2\questionario\wp-content\plugins\elementor\includes\frontend.php(1074): Elementor\Frontend->get_builder_content(1468)
#20 C:\Users\estagiariodf\Downloads\wordpress-6.2\questionario\wp-includes\class-wp-hook.php(308): Elementor\Frontend->apply_builder_in_content('[qsm quiz=2]')
#21 C:\Users\estagiariodf\Downloads\wordpress-6.2\questionario\wp-includes\plugin.php(205): WP_Hook->apply_filters('[qsm quiz=2]', Array)
#22 C:\Users\estagiariodf\Downloads\wordpress-6.2\questionario\wp-includes\post-template.php(255): apply_filters('the_content', '[qsm quiz=2]')
#23 C:\Users\estagiariodf\Downloads\wordpress-6.2\questionario\wp-content\plugins\elementor\modules\page-templates\module.php(190): the_content()
#24 [internal function]: Elementor\Modules\PageTemplates\Module->print_callback()
#25 C:\Users\estagiariodf\Downloads\wordpress-6.2\questionario\wp-content\plugins\elementor\modules\page-templates\module.php(207): call_user_func(Array)
#26 C:\Users\estagiariodf\Downloads\wordpress-6.2\questionario\wp-content\plugins\elementor\modules\page-templates\templates\header-footer.php(19): Elementor\Modules\PageTemplates\Module->print_content()
#27 C:\Users\estagiariodf\Downloads\wordpress-6.2\questionario\wp-includes\template-loader.php(106): include('C:\\Users\\estagi...')
#28 C:\Users\estagiariodf\Downloads\wordpress-6.2\questionario\wp-blog-header.php(19): require_once('C:\\Users\\estagi...')
#29 C:\Users\estagiariodf\Downloads\wordpress-6.2\questionario\index.php(17): require('C:\\Users\\estagi...')
#30 {main}
  thrown, em C:\Users\estagiariodf\Downloads\wordpress-6.2\questionario\wp-content\themes\qsm-theme-companion-master\functions.php, na linha 25

2023-05-18T14:24:02+00:00 CRITICAL Uncaught Error: Undefined constant "QSM_THEME_COMPANION_VERSION" in C:\Users\estagiariodf\Downloads\wordpress-6.2\questionario\wp-content\themes\qsm-theme-companion-master\functions.php:25
Stack trace:
#0 C:\Users\estagiariodf\Downloads\wordpress-6.2\questionario\wp-includes\class-wp-hook.php(308): qsm_theme_quiz_companion_style(Object(stdClass))
#1 C:\Users\estagiariodf\Downloads\wordpress-6.2\questionario\wp-includes\class-wp-hook.php(332): WP_Hook->apply_filters('', Array)
#2 C:\Users\estagiariodf\Downloads\wordpress-6.2\questionario\wp-includes\plugin.php(517): WP_Hook->do_action(Array)
#3 C:\Users\estagiariodf\Downloads\wordpress-6.2\questionario\wp-content\plugins\quiz-master-next\php\classes\class-qmn-quiz-manager.php(448): do_action('qsm_enqueue_scr...', Object(stdClass))
#4 C:\Users\estagiariodf\Downloads\wordpress-6.2\questionario\wp-includes\shortcodes.php(355): QMNQuizManager->display_shortcode(Array, '', 'qsm')
#5 [internal function]: do_shortcode_tag(Array)
#6 C:\Users\estagiariodf\Downloads\wordpress-6.2\questionario\wp-includes\shortcodes.php(227): preg_replace_callback('/\\[(\\[?)(qsm)(?...', 'do_shortcode_ta...', '[qsm quiz=2]')
#7 C:\Users\estagiariodf\Downloads\wordpress-6.2\questionario\wp-content\plugins\elementor\includes\widgets\shortcode.php(130): do_shortcode('[qsm quiz=2]')
#8 C:\Users\estagiariodf\Downloads\wordpress-6.2\questionario\wp-content\plugins\elementor\includes\base\controls-stack.php(2268): Elementor\Widget_Shortcode->render()
#9 C:\Users\estagiariodf\Downloads\wordpress-6.2\questionario\wp-content\plugins\elementor\includes\base\widget-base.php(609): Elementor\Controls_Stack->render_by_mode()
#10 C:\Users\estagiariodf\Downloads\wordpress-6.2\questionario\wp-content\plugins\elementor\includes\base\widget-base.php(750): Elementor\Widget_Base->render_content()
#11 C:\Users\estagiariodf\Downloads\wordpress-6.2\questionario\wp-content\plugins\elementor\includes\base\element-base.php(449): Elementor\Widget_Base->print_content()
#12 C:\Users\estagiariodf\Downloads\wordpress-6.2\questionario\wp-content\plugins\elementor\includes\base\element-base.php(1354): Elementor\Element_Base->print_element()
#13 C:\Users\estagiariodf\Downloads\wordpress-6.2\questionario\wp-content\plugins\elementor\includes\base\element-base.php(449): Elementor\Element_Base->print_content()
#14 C:\Users\estagiariodf\Downloads\wordpress-6.2\questionario\wp-content\plugins\elementor\includes\base\element-base.php(1354): Elementor\Element_Base->print_element()
#15 C:\Users\estagiariodf\Downloads\wordpress-6.2\questionario\wp-content\plugins\elementor\includes\base\element-base.php(449): Elementor\Element_Base->print_content()
#16 C:\Users\estagiariodf\Downloads\wordpress-6.2\questionario\wp-content\plugins\elementor\core\base\document.php(1680): Elementor\Element_Base->print_element()
#17 C:\Users\estagiariodf\Downloads\wordpress-6.2\questionario\wp-content\plugins\elementor\core\base\document.php(1106): Elementor\Core\Base\Document->print_elements(Array)
#18 C:\Users\estagiariodf\Downloads\wordpress-6.2\questionario\wp-content\plugins\elementor\includes\frontend.php(1179): Elementor\Core\Base\Document->print_elements_with_wrapper(Array)
#19 C:\Users\estagiariodf\Downloads\wordpress-6.2\questionario\wp-content\plugins\elementor\includes\frontend.php(1074): Elementor\Frontend->get_builder_content(1468)
#20 C:\Users\estagiariodf\Downloads\wordpress-6.2\questionario\wp-includes\class-wp-hook.php(308): Elementor\Frontend->apply_builder_in_content('[qsm quiz=2]')
#21 C:\Users\estagiariodf\Downloads\wordpress-6.2\questionario\wp-includes\plugin.php(205): WP_Hook->apply_filters('[qsm quiz=2]', Array)
#22 C:\Users\estagiariodf\Downloads\wordpress-6.2\questionario\wp-includes\post-template.php(255): apply_filters('the_content', '[qsm quiz=2]')
#23 C:\Users\estagiariodf\Downloads\wordpress-6.2\questionario\wp-content\plugins\elementor\modules\page-templates\module.php(190): the_content()
#24 [internal function]: Elementor\Modules\PageTemplates\Module->print_callback()
#25 C:\Users\estagiariodf\Downloads\wordpress-6.2\questionario\wp-content\plugins\elementor\modules\page-templates\module.php(207): call_user_func(Array)
#26 C:\Users\estagiariodf\Downloads\wordpress-6.2\questionario\wp-content\plugins\elementor\modules\page-templates\templates\header-footer.php(19): Elementor\Modules\PageTemplates\Module->print_content()
#27 C:\Users\estagiariodf\Downloads\wordpress-6.2\questionario\wp-includes\template-loader.php(106): include('C:\\Users\\estagi...')
#28 C:\Users\estagiariodf\Downloads\wordpress-6.2\questionario\wp-blog-header.php(19): require_once('C:\\Users\\estagi...')
#29 C:\Users\estagiariodf\Downloads\wordpress-6.2\questionario\index.php(17): require('C:\\Users\\estagi...')
#30 {main}
  thrown, em C:\Users\estagiariodf\Downloads\wordpress-6.2\questionario\wp-content\themes\qsm-theme-companion-master\functions.php, na linha 25

