Jul 12 2022 12:58:23
{"type":8192,"message":"Array and string offset access syntax with curly braces is deprecated","file":"\/var\/www\/html\/wp-content\/plugins\/cpf-e-cnpj-para-contact-form-7\/classes\/validateCPF.php","line":36}

May 18 2023 08:55:13
{"Number":8192,"Message":"rtrim(): Passing null to parameter #1 ($string) of type string is deprecated","File":"C:\\Users\\estagiariodf\\Downloads\\wordpress-6.2\\questionario\\wp-includes\\formatting.php","Line":2786}

May 18 2023 08:55:13
{"Number":8192,"Message":"rtrim(): Passing null to parameter #1 ($string) of type string is deprecated","File":"C:\\Users\\estagiariodf\\Downloads\\wordpress-6.2\\questionario\\wp-includes\\formatting.php","Line":2786}

May 18 2023 08:55:13
{"Number":8192,"Message":"rtrim(): Passing null to parameter #1 ($string) of type string is deprecated","File":"C:\\Users\\estagiariodf\\Downloads\\wordpress-6.2\\questionario\\wp-includes\\formatting.php","Line":2786}

May 18 2023 08:55:13
{"Number":8192,"Message":"rtrim(): Passing null to parameter #1 ($string) of type string is deprecated","File":"C:\\Users\\estagiariodf\\Downloads\\wordpress-6.2\\questionario\\wp-includes\\formatting.php","Line":2786}

May 18 2023 08:55:13
{"Number":8192,"Message":"rtrim(): Passing null to parameter #1 ($string) of type string is deprecated","File":"C:\\Users\\estagiariodf\\Downloads\\wordpress-6.2\\questionario\\wp-includes\\formatting.php","Line":2786}

May 18 2023 08:55:13
{"Number":8192,"Message":"rtrim(): Passing null to parameter #1 ($string) of type string is deprecated","File":"C:\\Users\\estagiariodf\\Downloads\\wordpress-6.2\\questionario\\wp-includes\\formatting.php","Line":2786}

May 18 2023 08:55:13
{"Number":8192,"Message":"rtrim(): Passing null to parameter #1 ($string) of type string is deprecated","File":"C:\\Users\\estagiariodf\\Downloads\\wordpress-6.2\\questionario\\wp-includes\\formatting.php","Line":2786}

May 18 2023 08:55:13
{"Number":8192,"Message":"rtrim(): Passing null to parameter #1 ($string) of type string is deprecated","File":"C:\\Users\\estagiariodf\\Downloads\\wordpress-6.2\\questionario\\wp-includes\\formatting.php","Line":2786}

May 18 2023 08:55:13
{"Number":8192,"Message":"rtrim(): Passing null to parameter #1 ($string) of type string is deprecated","File":"C:\\Users\\estagiariodf\\Downloads\\wordpress-6.2\\questionario\\wp-includes\\formatting.php","Line":2786}

May 18 2023 08:55:13
{"Number":8192,"Message":"rtrim(): Passing null to parameter #1 ($string) of type string is deprecated","File":"C:\\Users\\estagiariodf\\Downloads\\wordpress-6.2\\questionario\\wp-includes\\formatting.php","Line":2786}

May 18 2023 08:55:13
{"Number":8192,"Message":"rtrim(): Passing null to parameter #1 ($string) of type string is deprecated","File":"C:\\Users\\estagiariodf\\Downloads\\wordpress-6.2\\questionario\\wp-includes\\formatting.php","Line":2786}

May 18 2023 08:55:13
{"Number":8192,"Message":"rtrim(): Passing null to parameter #1 ($string) of type string is deprecated","File":"C:\\Users\\estagiariodf\\Downloads\\wordpress-6.2\\questionario\\wp-includes\\formatting.php","Line":2786}

May 18 2023 08:55:13
{"Number":8192,"Message":"rtrim(): Passing null to parameter #1 ($string) of type string is deprecated","File":"C:\\Users\\estagiariodf\\Downloads\\wordpress-6.2\\questionario\\wp-includes\\formatting.php","Line":2786}

May 18 2023 08:55:13
{"Number":8192,"Message":"rtrim(): Passing null to parameter #1 ($string) of type string is deprecated","File":"C:\\Users\\estagiariodf\\Downloads\\wordpress-6.2\\questionario\\wp-includes\\formatting.php","Line":2786}

May 18 2023 08:55:13
{"Number":8192,"Message":"rtrim(): Passing null to parameter #1 ($string) of type string is deprecated","File":"C:\\Users\\estagiariodf\\Downloads\\wordpress-6.2\\questionario\\wp-includes\\formatting.php","Line":2786}

May 18 2023 08:55:13
{"Number":8192,"Message":"rtrim(): Passing null to parameter #1 ($string) of type string is deprecated","File":"C:\\Users\\estagiariodf\\Downloads\\wordpress-6.2\\questionario\\wp-includes\\formatting.php","Line":2786}

May 18 2023 08:55:13
{"Number":8192,"Message":"rtrim(): Passing null to parameter #1 ($string) of type string is deprecated","File":"C:\\Users\\estagiariodf\\Downloads\\wordpress-6.2\\questionario\\wp-includes\\formatting.php","Line":2786}

May 18 2023 08:55:13
{"Number":8192,"Message":"rtrim(): Passing null to parameter #1 ($string) of type string is deprecated","File":"C:\\Users\\estagiariodf\\Downloads\\wordpress-6.2\\questionario\\wp-includes\\formatting.php","Line":2786}

May 18 2023 08:55:13
{"Number":8192,"Message":"rtrim(): Passing null to parameter #1 ($string) of type string is deprecated","File":"C:\\Users\\estagiariodf\\Downloads\\wordpress-6.2\\questionario\\wp-includes\\formatting.php","Line":2786}

May 18 2023 08:55:13
{"Number":8192,"Message":"rtrim(): Passing null to parameter #1 ($string) of type string is deprecated","File":"C:\\Users\\estagiariodf\\Downloads\\wordpress-6.2\\questionario\\wp-includes\\formatting.php","Line":2786}

May 18 2023 08:55:13
{"Number":8192,"Message":"rtrim(): Passing null to parameter #1 ($string) of type string is deprecated","File":"C:\\Users\\estagiariodf\\Downloads\\wordpress-6.2\\questionario\\wp-includes\\formatting.php","Line":2786}

May 18 2023 08:55:13
{"Number":8192,"Message":"rtrim(): Passing null to parameter #1 ($string) of type string is deprecated","File":"C:\\Users\\estagiariodf\\Downloads\\wordpress-6.2\\questionario\\wp-includes\\formatting.php","Line":2786}

May 18 2023 08:55:13
{"Number":8192,"Message":"rtrim(): Passing null to parameter #1 ($string) of type string is deprecated","File":"C:\\Users\\estagiariodf\\Downloads\\wordpress-6.2\\questionario\\wp-includes\\formatting.php","Line":2786}

May 18 2023 08:55:13
{"Number":8192,"Message":"rtrim(): Passing null to parameter #1 ($string) of type string is deprecated","File":"C:\\Users\\estagiariodf\\Downloads\\wordpress-6.2\\questionario\\wp-includes\\formatting.php","Line":2786}

May 18 2023 08:55:13
{"Number":8192,"Message":"rtrim(): Passing null to parameter #1 ($string) of type string is deprecated","File":"C:\\Users\\estagiariodf\\Downloads\\wordpress-6.2\\questionario\\wp-includes\\formatting.php","Line":2786}

May 18 2023 08:55:13
{"Number":8192,"Message":"rtrim(): Passing null to parameter #1 ($string) of type string is deprecated","File":"C:\\Users\\estagiariodf\\Downloads\\wordpress-6.2\\questionario\\wp-includes\\formatting.php","Line":2786}

May 18 2023 08:55:13
{"Number":8192,"Message":"rtrim(): Passing null to parameter #1 ($string) of type string is deprecated","File":"C:\\Users\\estagiariodf\\Downloads\\wordpress-6.2\\questionario\\wp-includes\\formatting.php","Line":2786}

May 18 2023 08:55:13
{"Number":8192,"Message":"rtrim(): Passing null to parameter #1 ($string) of type string is deprecated","File":"C:\\Users\\estagiariodf\\Downloads\\wordpress-6.2\\questionario\\wp-includes\\formatting.php","Line":2786}

May 18 2023 08:55:13
{"Number":8192,"Message":"rtrim(): Passing null to parameter #1 ($string) of type string is deprecated","File":"C:\\Users\\estagiariodf\\Downloads\\wordpress-6.2\\questionario\\wp-includes\\formatting.php","Line":2786}

May 18 2023 08:55:13
{"Number":8192,"Message":"rtrim(): Passing null to parameter #1 ($string) of type string is deprecated","File":"C:\\Users\\estagiariodf\\Downloads\\wordpress-6.2\\questionario\\wp-includes\\formatting.php","Line":2786}

May 18 2023 08:55:13
{"Number":8192,"Message":"rtrim(): Passing null to parameter #1 ($string) of type string is deprecated","File":"C:\\Users\\estagiariodf\\Downloads\\wordpress-6.2\\questionario\\wp-includes\\formatting.php","Line":2786}

May 18 2023 08:55:13
{"Number":8192,"Message":"rtrim(): Passing null to parameter #1 ($string) of type string is deprecated","File":"C:\\Users\\estagiariodf\\Downloads\\wordpress-6.2\\questionario\\wp-includes\\formatting.php","Line":2786}

May 18 2023 08:55:13
{"Number":8192,"Message":"rtrim(): Passing null to parameter #1 ($string) of type string is deprecated","File":"C:\\Users\\estagiariodf\\Downloads\\wordpress-6.2\\questionario\\wp-includes\\formatting.php","Line":2786}

May 18 2023 08:55:13
{"Number":8192,"Message":"rtrim(): Passing null to parameter #1 ($string) of type string is deprecated","File":"C:\\Users\\estagiariodf\\Downloads\\wordpress-6.2\\questionario\\wp-includes\\formatting.php","Line":2786}

May 18 2023 08:55:13
{"Number":8192,"Message":"rtrim(): Passing null to parameter #1 ($string) of type string is deprecated","File":"C:\\Users\\estagiariodf\\Downloads\\wordpress-6.2\\questionario\\wp-includes\\formatting.php","Line":2786}

May 18 2023 08:55:13
{"Number":8192,"Message":"rtrim(): Passing null to parameter #1 ($string) of type string is deprecated","File":"C:\\Users\\estagiariodf\\Downloads\\wordpress-6.2\\questionario\\wp-includes\\formatting.php","Line":2786}

May 18 2023 08:55:25
{"Number":8192,"Message":"rtrim(): Passing null to parameter #1 ($string) of type string is deprecated","File":"C:\\Users\\estagiariodf\\Downloads\\wordpress-6.2\\questionario\\wp-includes\\formatting.php","Line":2786}

May 18 2023 08:55:25
{"Number":8192,"Message":"rtrim(): Passing null to parameter #1 ($string) of type string is deprecated","File":"C:\\Users\\estagiariodf\\Downloads\\wordpress-6.2\\questionario\\wp-includes\\formatting.php","Line":2786}

May 18 2023 08:55:25
{"Number":8192,"Message":"rtrim(): Passing null to parameter #1 ($string) of type string is deprecated","File":"C:\\Users\\estagiariodf\\Downloads\\wordpress-6.2\\questionario\\wp-includes\\formatting.php","Line":2786}

May 18 2023 08:55:25
{"Number":8192,"Message":"rtrim(): Passing null to parameter #1 ($string) of type string is deprecated","File":"C:\\Users\\estagiariodf\\Downloads\\wordpress-6.2\\questionario\\wp-includes\\formatting.php","Line":2786}

May 18 2023 08:55:25
{"Number":8192,"Message":"rtrim(): Passing null to parameter #1 ($string) of type string is deprecated","File":"C:\\Users\\estagiariodf\\Downloads\\wordpress-6.2\\questionario\\wp-includes\\formatting.php","Line":2786}

May 18 2023 08:55:25
{"Number":8192,"Message":"rtrim(): Passing null to parameter #1 ($string) of type string is deprecated","File":"C:\\Users\\estagiariodf\\Downloads\\wordpress-6.2\\questionario\\wp-includes\\formatting.php","Line":2786}

May 18 2023 08:55:25
{"Number":8192,"Message":"rtrim(): Passing null to parameter #1 ($string) of type string is deprecated","File":"C:\\Users\\estagiariodf\\Downloads\\wordpress-6.2\\questionario\\wp-includes\\formatting.php","Line":2786}

May 18 2023 08:55:25
{"Number":8192,"Message":"rtrim(): Passing null to parameter #1 ($string) of type string is deprecated","File":"C:\\Users\\estagiariodf\\Downloads\\wordpress-6.2\\questionario\\wp-includes\\formatting.php","Line":2786}

May 18 2023 08:55:25
{"Number":8192,"Message":"rtrim(): Passing null to parameter #1 ($string) of type string is deprecated","File":"C:\\Users\\estagiariodf\\Downloads\\wordpress-6.2\\questionario\\wp-includes\\formatting.php","Line":2786}

May 18 2023 08:55:25
{"Number":8192,"Message":"rtrim(): Passing null to parameter #1 ($string) of type string is deprecated","File":"C:\\Users\\estagiariodf\\Downloads\\wordpress-6.2\\questionario\\wp-includes\\formatting.php","Line":2786}

May 18 2023 08:55:25
{"Number":8192,"Message":"rtrim(): Passing null to parameter #1 ($string) of type string is deprecated","File":"C:\\Users\\estagiariodf\\Downloads\\wordpress-6.2\\questionario\\wp-includes\\formatting.php","Line":2786}

May 18 2023 08:55:25
{"Number":8192,"Message":"rtrim(): Passing null to parameter #1 ($string) of type string is deprecated","File":"C:\\Users\\estagiariodf\\Downloads\\wordpress-6.2\\questionario\\wp-includes\\formatting.php","Line":2786}

May 18 2023 08:55:25
{"Number":8192,"Message":"rtrim(): Passing null to parameter #1 ($string) of type string is deprecated","File":"C:\\Users\\estagiariodf\\Downloads\\wordpress-6.2\\questionario\\wp-includes\\formatting.php","Line":2786}

May 18 2023 08:55:25
{"Number":8192,"Message":"rtrim(): Passing null to parameter #1 ($string) of type string is deprecated","File":"C:\\Users\\estagiariodf\\Downloads\\wordpress-6.2\\questionario\\wp-includes\\formatting.php","Line":2786}

May 18 2023 08:55:25
{"Number":8192,"Message":"rtrim(): Passing null to parameter #1 ($string) of type string is deprecated","File":"C:\\Users\\estagiariodf\\Downloads\\wordpress-6.2\\questionario\\wp-includes\\formatting.php","Line":2786}

May 18 2023 08:55:25
{"Number":8192,"Message":"rtrim(): Passing null to parameter #1 ($string) of type string is deprecated","File":"C:\\Users\\estagiariodf\\Downloads\\wordpress-6.2\\questionario\\wp-includes\\formatting.php","Line":2786}

May 18 2023 08:55:25
{"Number":8192,"Message":"rtrim(): Passing null to parameter #1 ($string) of type string is deprecated","File":"C:\\Users\\estagiariodf\\Downloads\\wordpress-6.2\\questionario\\wp-includes\\formatting.php","Line":2786}

May 18 2023 08:55:25
{"Number":8192,"Message":"rtrim(): Passing null to parameter #1 ($string) of type string is deprecated","File":"C:\\Users\\estagiariodf\\Downloads\\wordpress-6.2\\questionario\\wp-includes\\formatting.php","Line":2786}

May 18 2023 08:55:25
{"Number":8192,"Message":"rtrim(): Passing null to parameter #1 ($string) of type string is deprecated","File":"C:\\Users\\estagiariodf\\Downloads\\wordpress-6.2\\questionario\\wp-includes\\formatting.php","Line":2786}

May 18 2023 08:55:25
{"Number":8192,"Message":"rtrim(): Passing null to parameter #1 ($string) of type string is deprecated","File":"C:\\Users\\estagiariodf\\Downloads\\wordpress-6.2\\questionario\\wp-includes\\formatting.php","Line":2786}

May 18 2023 08:55:25
{"Number":8192,"Message":"rtrim(): Passing null to parameter #1 ($string) of type string is deprecated","File":"C:\\Users\\estagiariodf\\Downloads\\wordpress-6.2\\questionario\\wp-includes\\formatting.php","Line":2786}

May 18 2023 08:55:25
{"Number":8192,"Message":"rtrim(): Passing null to parameter #1 ($string) of type string is deprecated","File":"C:\\Users\\estagiariodf\\Downloads\\wordpress-6.2\\questionario\\wp-includes\\formatting.php","Line":2786}

May 18 2023 08:55:25
{"Number":8192,"Message":"rtrim(): Passing null to parameter #1 ($string) of type string is deprecated","File":"C:\\Users\\estagiariodf\\Downloads\\wordpress-6.2\\questionario\\wp-includes\\formatting.php","Line":2786}

May 18 2023 08:55:25
{"Number":8192,"Message":"rtrim(): Passing null to parameter #1 ($string) of type string is deprecated","File":"C:\\Users\\estagiariodf\\Downloads\\wordpress-6.2\\questionario\\wp-includes\\formatting.php","Line":2786}

May 18 2023 08:55:25
{"Number":8192,"Message":"rtrim(): Passing null to parameter #1 ($string) of type string is deprecated","File":"C:\\Users\\estagiariodf\\Downloads\\wordpress-6.2\\questionario\\wp-includes\\formatting.php","Line":2786}

May 18 2023 08:55:25
{"Number":8192,"Message":"rtrim(): Passing null to parameter #1 ($string) of type string is deprecated","File":"C:\\Users\\estagiariodf\\Downloads\\wordpress-6.2\\questionario\\wp-includes\\formatting.php","Line":2786}

May 18 2023 08:55:25
{"Number":8192,"Message":"rtrim(): Passing null to parameter #1 ($string) of type string is deprecated","File":"C:\\Users\\estagiariodf\\Downloads\\wordpress-6.2\\questionario\\wp-includes\\formatting.php","Line":2786}

May 18 2023 08:55:25
{"Number":8192,"Message":"rtrim(): Passing null to parameter #1 ($string) of type string is deprecated","File":"C:\\Users\\estagiariodf\\Downloads\\wordpress-6.2\\questionario\\wp-includes\\formatting.php","Line":2786}

May 18 2023 08:55:25
{"Number":8192,"Message":"rtrim(): Passing null to parameter #1 ($string) of type string is deprecated","File":"C:\\Users\\estagiariodf\\Downloads\\wordpress-6.2\\questionario\\wp-includes\\formatting.php","Line":2786}

May 18 2023 08:55:25
{"Number":8192,"Message":"rtrim(): Passing null to parameter #1 ($string) of type string is deprecated","File":"C:\\Users\\estagiariodf\\Downloads\\wordpress-6.2\\questionario\\wp-includes\\formatting.php","Line":2786}

May 18 2023 08:55:25
{"Number":8192,"Message":"rtrim(): Passing null to parameter #1 ($string) of type string is deprecated","File":"C:\\Users\\estagiariodf\\Downloads\\wordpress-6.2\\questionario\\wp-includes\\formatting.php","Line":2786}

May 18 2023 08:55:25
{"Number":8192,"Message":"rtrim(): Passing null to parameter #1 ($string) of type string is deprecated","File":"C:\\Users\\estagiariodf\\Downloads\\wordpress-6.2\\questionario\\wp-includes\\formatting.php","Line":2786}

May 18 2023 08:55:25
{"Number":8192,"Message":"rtrim(): Passing null to parameter #1 ($string) of type string is deprecated","File":"C:\\Users\\estagiariodf\\Downloads\\wordpress-6.2\\questionario\\wp-includes\\formatting.php","Line":2786}

May 18 2023 08:55:25
{"Number":8192,"Message":"rtrim(): Passing null to parameter #1 ($string) of type string is deprecated","File":"C:\\Users\\estagiariodf\\Downloads\\wordpress-6.2\\questionario\\wp-includes\\formatting.php","Line":2786}

May 18 2023 08:55:25
{"Number":8192,"Message":"rtrim(): Passing null to parameter #1 ($string) of type string is deprecated","File":"C:\\Users\\estagiariodf\\Downloads\\wordpress-6.2\\questionario\\wp-includes\\formatting.php","Line":2786}

May 18 2023 08:55:25
{"Number":8192,"Message":"rtrim(): Passing null to parameter #1 ($string) of type string is deprecated","File":"C:\\Users\\estagiariodf\\Downloads\\wordpress-6.2\\questionario\\wp-includes\\formatting.php","Line":2786}

May 18 2023 08:56:43
{"type":8192,"message":"Return type of Google\\Collection::count() should either be compatible with Countable::count(): int, or the #[\\ReturnTypeWillChange] attribute should be used to temporarily suppress the notice","file":"C:\\Users\\estagiariodf\\Downloads\\wordpress-6.2\\questionario\\wp-content\\plugins\\tutor-pro\\vendor\\google\\apiclient\\src\\Collection.php","line":49}

May 18 2023 08:56:46
{"type":8192,"message":"Return type of Google\\Collection::count() should either be compatible with Countable::count(): int, or the #[\\ReturnTypeWillChange] attribute should be used to temporarily suppress the notice","file":"C:\\Users\\estagiariodf\\Downloads\\wordpress-6.2\\questionario\\wp-content\\plugins\\tutor-pro\\vendor\\google\\apiclient\\src\\Collection.php","line":49}

